C51 COMPILER V9.54   MAIN                                                                  02/01/2024 14:31:08 PAGE 1   


C51 COMPILER V9.54, COMPILATION OF MODULE MAIN
OBJECT MODULE PLACED IN .\Objects\main.obj
COMPILER INVOKED BY: D:\app\keil uVision 5\C51\BIN\C51.EXE main.c OPTIMIZE(8,SPEED) BROWSE INCDIR(.\Library\Time;.\Libra
                    -ry\Delay;.\Library\LCD1602;.\Library\UART) DEBUG OBJECTEXTEND PRINT(.\Listings\main.lst) TABS(2) OBJECT(.\Objects\main.o
                    -bj)

line level    source

   1          #include <REGX52.H>
   2          #include <Delay.h>
   3          #include <LCD1602.h>
   4          unsigned char sec;
   5          unsigned char time;
   6          
   7          void main()
   8          {
   9   1        P2_5=0;
  10   1        Delay_ms(100);
  11   1        LCD_Init();
  12   1        Uart_Init();
*** WARNING C206 IN LINE 12 OF main.c: 'Uart_Init': missing function-prototype
  13   1        while(1)
  14   1        {
  15   2          
  16   2          LCD_Custom();
  17   2      //    LCD_ShowNum(1,8,time,2);
  18   2          Delay_ms(100);
  19   2      
  20   2        }
  21   1      }
  22          
  23          /** @brief  中断接收数据
  24            * @param  无
  25            * @retval 无
  26            **/
  27          void UART_Routine() interrupt 4     //串口中断
  28          {
  29   1      
  30   1        if(RI==1)
  31   1        {
  32   2          sec=SBUF;
  33   2          LCDWriteCGRAM(sec,time);
  34   2          time++;
  35   2          RI=0;
  36   2          if(time>=64)
  37   2        {
  38   3          time=0;
  39   3        }
  40   2        }
  41   1      }
  42          
  43          
  44          


MODULE INFORMATION:   STATIC OVERLAYABLE
   CODE SIZE        =    110    ----
   CONSTANT SIZE    =   ----    ----
   XDATA SIZE       =   ----    ----
   PDATA SIZE       =   ----    ----
   DATA SIZE        =      2    ----
C51 COMPILER V9.54   MAIN                                                                  02/01/2024 14:31:08 PAGE 2   

   IDATA SIZE       =   ----    ----
   BIT SIZE         =   ----    ----
END OF MODULE INFORMATION.


C51 COMPILATION COMPLETE.  1 WARNING(S),  0 ERROR(S)
